<?xml version="1.0" encoding="UTF-8"?>
<!-- Generated by org.testng.reporters.JUnitXMLReporter -->
<testsuite ignored="5" hostname="LAPTOP-C2Q8BJ3N" failures="0" tests="1" name="Default test" time="18.088" errors="0" timestamp="2024-10-13T20:28:58 IST">
  <testcase classname="com.tutorialsNinja.qa.testCases.LoginTest" name="verifyForgottenPasswordLinkIsAvailableInTheLoginPageAndIsWorking" time="0.567"/>
  <testcase classname="com.tutorialsNinja.qa.testCases.LoginTest" name="verifyLoginIntoTheApplicationUsingValidCredentials" time="0.0">
    <ignored/>
  </testcase> <!-- verifyLoginIntoTheApplicationUsingValidCredentials -->
  <testcase classname="com.tutorialsNinja.qa.testCases.LoginTest" name="verifyloggingIntoTheApplicationUsingValidEmailAndInvalidPassword" time="0.0">
    <ignored/>
  </testcase> <!-- verifyloggingIntoTheApplicationUsingValidEmailAndInvalidPassword -->
  <testcase classname="com.tutorialsNinja.qa.testCases.LoginTest" name="verifyloggingIntoTheApplicationUsingInvalidEmailAndValidPassword" time="0.0">
    <ignored/>
  </testcase> <!-- verifyloggingIntoTheApplicationUsingInvalidEmailAndValidPassword -->
  <testcase classname="com.tutorialsNinja.qa.testCases.LoginTest" name="verifyloggingIntoTheApplicationUsingInvalidCredentials" time="0.0">
    <ignored/>
  </testcase> <!-- verifyloggingIntoTheApplicationUsingInvalidCredentials -->
  <testcase classname="com.tutorialsNinja.qa.testCases.LoginTest" name="verifyloggingIntoTheApplicationWithoutProvidingAnyCredentials" time="0.0">
    <ignored/>
  </testcase> <!-- verifyloggingIntoTheApplicationWithoutProvidingAnyCredentials -->
</testsuite> <!-- Default test -->
