<?xml version="1.0" encoding="UTF-8"?>
<!-- Generated by org.testng.reporters.JUnitXMLReporter -->
<testsuite ignored="0" hostname="LAPTOP-C2Q8BJ3N" failures="0" tests="11" name="Test" time="170.823" errors="0" timestamp="2024-10-15T17:32:58 IST">
  <testcase classname="com.tutorialsNinja.qa.testCases.LoginTest" name="verifyLoginIntoTheApplicationUsingValidCredentials" time="2.109"/>
  <testcase classname="com.tutorialsNinja.qa.testCases.LoginTest" name="verifyLoginIntoTheApplicationUsingValidCredentials" time="1.78"/>
  <testcase classname="com.tutorialsNinja.qa.testCases.LoginTest" name="verifyLoginIntoTheApplicationUsingValidCredentials" time="1.143"/>
  <testcase classname="com.tutorialsNinja.qa.testCases.LoginTest" name="verifyLoginIntoTheApplicationUsingValidCredentials" time="1.466"/>
  <testcase classname="com.tutorialsNinja.qa.testCases.LoginTest" name="verifyloggingIntoTheApplicationUsingInvalidCredentials" time="1.033"/>
  <testcase classname="com.tutorialsNinja.qa.testCases.LoginTest" name="verifyloggingIntoTheApplicationUsingInvalidEmailAndValidPassword" time="0.823"/>
  <testcase classname="com.tutorialsNinja.qa.testCases.LoginTest" name="verifyloggingIntoTheApplicationUsingValidEmailAndInvalidPassword" time="0.833"/>
  <testcase classname="com.tutorialsNinja.qa.testCases.LoginTest" name="verifyloggingIntoTheApplicationWithoutProvidingAnyCredentials" time="0.723"/>
  <testcase classname="com.tutorialsNinja.qa.testCases.LoginTest" name="verifyForgottenPasswordLinkIsAvailableInTheLoginPageAndIsWorking" time="0.428"/>
  <testcase classname="com.tutorialsNinja.qa.testCases.LoginTest" name="verifyLoginIntoTheApplicationUsingKeyboardKeys" time="0.001"/>
  <testcase classname="com.tutorialsNinja.qa.testCases.LoginTest" name="verifyEmailAddressAndPasswordTextFieldInTheLoginPageHaveThePlaceholderText" time="0.146"/>
</testsuite> <!-- Test -->
