<?xml version="1.0" encoding="UTF-8"?>
<!-- Generated by org.testng.reporters.JUnitXMLReporter -->
<testsuite ignored="8" hostname="LAPTOP-C2Q8BJ3N" failures="1" tests="4" name="Test" time="116.872" errors="0" timestamp="2024-10-14T09:25:02 IST">
  <testcase classname="com.tutorialsNinja.qa.testCases.RegisterTest" name="verifyRegisteringAnAccountByProvidingAnInvalidEmailAddressIntoEmailField" time="3.604"/>
  <testcase classname="com.tutorialsNinja.qa.testCases.RegisterTest" name="verifyRegisteringAnAccountByProvidingAnInvalidPhoneNumber" time="2.182">
    <failure type="java.lang.AssertionError" message="did not expect [Your Account Has Been Created!] but found [Your Account Has Been Created!]">
      <![CDATA[java.lang.AssertionError: did not expect [Your Account Has Been Created!] but found [Your Account Has Been Created!]
at com.tutorialsNinja.qa.testCases.RegisterTest.verifyRegisteringAnAccountByProvidingAnInvalidPhoneNumber(RegisterTest.java:240)
at java.base/java.util.ArrayList.forEach(ArrayList.java:1511)
... Removed 32 stack frames]]>
    </failure>
  </testcase> <!-- verifyRegisteringAnAccountByProvidingAnInvalidPhoneNumber -->
  <testcase classname="com.tutorialsNinja.qa.testCases.RegisterTest" name="verifyRegisteringAnAccountByUsingKeyboardKeys" time="2.781"/>
  <testcase classname="com.tutorialsNinja.qa.testCases.RegisterTest" name="verifyAllFieldsIntheRegisterAccountPageHaveProperPlaceholders" time="0.338"/>
  <testcase classname="com.tutorialsNinja.qa.testCases.RegisterTest" name="verifyRegisteringAnAccountWhenNoOptionIsSelectedForNewsletterField" time="0.0">
    <ignored/>
  </testcase> <!-- verifyRegisteringAnAccountWhenNoOptionIsSelectedForNewsletterField -->
  <testcase classname="com.tutorialsNinja.qa.testCases.RegisterTest" name="verifyRegisteringAnAccountByEnteringDifferentPasswordsIntoPasswordAndPasswordConfirmField" time="0.0">
    <ignored/>
  </testcase> <!-- verifyRegisteringAnAccountByEnteringDifferentPasswordsIntoPasswordAndPasswordConfirmField -->
  <testcase classname="com.tutorialsNinja.qa.testCases.RegisterTest" name="verifyRegisteringAnAccountByProvidingExistingAccountDetails" time="0.0">
    <ignored/>
  </testcase> <!-- verifyRegisteringAnAccountByProvidingExistingAccountDetails -->
  <testcase classname="com.tutorialsNinja.qa.testCases.RegisterTest" name="verifyRegisteringAnAccountWhenYesOptionIsSelectedForNewsletterField" time="0.0">
    <ignored/>
  </testcase> <!-- verifyRegisteringAnAccountWhenYesOptionIsSelectedForNewsletterField -->
  <testcase classname="com.tutorialsNinja.qa.testCases.RegisterTest" name="verifyRegisteringAnAccountWithoutProvidingAnyDetails" time="0.0">
    <ignored/>
  </testcase> <!-- verifyRegisteringAnAccountWithoutProvidingAnyDetails -->
  <testcase classname="com.tutorialsNinja.qa.testCases.RegisterTest" name="verifyDifferentWaysOfNavigatingToRegisterAccountPage" time="0.0">
    <ignored/>
  </testcase> <!-- verifyDifferentWaysOfNavigatingToRegisterAccountPage -->
  <testcase classname="com.tutorialsNinja.qa.testCases.RegisterTest" name="verifyRegisteringAnAccountByProvidingAllFields" time="0.0">
    <ignored/>
  </testcase> <!-- verifyRegisteringAnAccountByProvidingAllFields -->
  <testcase classname="com.tutorialsNinja.qa.testCases.RegisterTest" name="verifyRegisteringAnAccountByProvidingOnlyMandatoryFields" time="0.0">
    <ignored/>
  </testcase> <!-- verifyRegisteringAnAccountByProvidingOnlyMandatoryFields -->
</testsuite> <!-- Test -->
