<?xml version="1.0" encoding="UTF-8"?>
<!-- Generated by org.testng.reporters.JUnitXMLReporter -->
<testsuite ignored="8" hostname="LAPTOP-C2Q8BJ3N" failures="0" tests="4" name="Test" time="37.677" errors="0" timestamp="2024-10-14T17:26:14 IST">
  <testcase classname="com.tutorialsNinja.qa.testCases.RegisterTest" name="@BeforeMethod setUp" time="37.178">
    <failure type="org.openqa.selenium.ElementNotInteractableException" message="element not interactable
  (Session info: chrome=129.0.6668.100)
Build info: version: &amp;apos;3.141.59&amp;apos;, revision: &amp;apos;e82be7d358&amp;apos;, time: &amp;apos;2018-11-14T08:17:03&amp;apos;
System info: host: &amp;apos;LAPTOP-C2Q8BJ3N&amp;apos;, ip: &amp;apos;192.168.220.215&amp;apos;, os.name: &amp;apos;Windows 11&amp;apos;, os.arch: &amp;apos;amd64&amp;apos;, os.version: &amp;apos;10.0&amp;apos;, java.version: &amp;apos;11.0.20&amp;apos;
Driver info: org.openqa.selenium.chrome.ChromeDriver
Capabilities {acceptInsecureCerts: false, browserName: chrome, browserVersion: 129.0.6668.100, chrome: {chromedriverVersion: 129.0.6668.100 (cf58cba358d..., userDataDir: C:\WINDOWS\SystemTemp\scope...}, fedcm:accounts: true, goog:chromeOptions: {debuggerAddress: localhost:59248}, javascriptEnabled: true, networkConnectionEnabled: false, pageLoadStrategy: normal, platform: WINDOWS, platformName: WINDOWS, proxy: Proxy(), setWindowRect: true, strictFileInteractability: false, timeouts: {implicit: 0, pageLoad: 300000, script: 30000}, unhandledPromptBehavior: dismiss and notify, webauthn:extension:credBlob: true, webauthn:extension:largeBlob: true, webauthn:extension:minPinLength: true, webauthn:extension:prf: true, webauthn:virtualAuthenticators: true}
Session ID: 2d27bcd7fe195e61f2c59491a32d96d9">
      <![CDATA[org.openqa.selenium.ElementNotInteractableException: element not interactable
  (Session info: chrome=129.0.6668.100)
Build info: version: '3.141.59', revision: 'e82be7d358', time: '2018-11-14T08:17:03'
System info: host: 'LAPTOP-C2Q8BJ3N', ip: '192.168.220.215', os.name: 'Windows 11', os.arch: 'amd64', os.version: '10.0', java.version: '11.0.20'
Driver info: org.openqa.selenium.chrome.ChromeDriver
Capabilities {acceptInsecureCerts: false, browserName: chrome, browserVersion: 129.0.6668.100, chrome: {chromedriverVersion: 129.0.6668.100 (cf58cba358d..., userDataDir: C:\WINDOWS\SystemTemp\scope...}, fedcm:accounts: true, goog:chromeOptions: {debuggerAddress: localhost:59248}, javascriptEnabled: true, networkConnectionEnabled: false, pageLoadStrategy: normal, platform: WINDOWS, platformName: WINDOWS, proxy: Proxy(), setWindowRect: true, strictFileInteractability: false, timeouts: {implicit: 0, pageLoad: 300000, script: 30000}, unhandledPromptBehavior: dismiss and notify, webauthn:extension:credBlob: true, webauthn:extension:largeBlob: true, webauthn:extension:minPinLength: true, webauthn:extension:prf: true, webauthn:virtualAuthenticators: true}
Session ID: 2d27bcd7fe195e61f2c59491a32d96d9
at org.openqa.selenium.remote.http.W3CHttpResponseCodec.createException(W3CHttpResponseCodec.java:187)
at org.openqa.selenium.remote.http.W3CHttpResponseCodec.decode(W3CHttpResponseCodec.java:122)
at org.openqa.selenium.remote.http.W3CHttpResponseCodec.decode(W3CHttpResponseCodec.java:49)
at org.openqa.selenium.remote.HttpCommandExecutor.execute(HttpCommandExecutor.java:158)
at org.openqa.selenium.remote.service.DriverCommandExecutor.execute(DriverCommandExecutor.java:83)
at org.openqa.selenium.remote.RemoteWebDriver.execute(RemoteWebDriver.java:552)
at org.openqa.selenium.remote.RemoteWebElement.execute(RemoteWebElement.java:285)
at org.openqa.selenium.remote.RemoteWebElement.click(RemoteWebElement.java:84)
at org.openqa.selenium.support.pagefactory.internal.LocatingElementHandler.invoke(LocatingElementHandler.java:51)
at com.sun.proxy.$Proxy10.click(Unknown Source)
at com.tutorialsNinja.qa.pages.HomePage.clickOnMyAccountDropMenu(HomePage.java:29)
at com.tutorialsNinja.qa.testCases.RegisterTest.setUp(RegisterTest.java:31)
at java.base/java.util.ArrayList.forEach(ArrayList.java:1541)
... Removed 43 stack frames]]>
    </failure>
  </testcase> <!-- @BeforeMethod setUp -->
  <testcase classname="com.tutorialsNinja.qa.base.BaseTest" name="@AfterMethod tearDown" time="0.0">
    <skipped/>
  </testcase> <!-- @AfterMethod tearDown -->
  <testcase classname="com.tutorialsNinja.qa.testCases.RegisterTest" name="@BeforeMethod setUp" time="0.0">
    <skipped/>
  </testcase> <!-- @BeforeMethod setUp -->
  <testcase classname="com.tutorialsNinja.qa.base.BaseTest" name="@AfterMethod tearDown" time="0.0">
    <skipped/>
  </testcase> <!-- @AfterMethod tearDown -->
  <testcase classname="com.tutorialsNinja.qa.testCases.RegisterTest" name="@BeforeMethod setUp" time="0.0">
    <skipped/>
  </testcase> <!-- @BeforeMethod setUp -->
  <testcase classname="com.tutorialsNinja.qa.base.BaseTest" name="@AfterMethod tearDown" time="0.0">
    <skipped/>
  </testcase> <!-- @AfterMethod tearDown -->
  <testcase classname="com.tutorialsNinja.qa.testCases.RegisterTest" name="@BeforeMethod setUp" time="0.0">
    <skipped/>
  </testcase> <!-- @BeforeMethod setUp -->
  <testcase classname="com.tutorialsNinja.qa.base.BaseTest" name="@AfterMethod tearDown" time="0.0">
    <skipped/>
  </testcase> <!-- @AfterMethod tearDown -->
  <testcase classname="com.tutorialsNinja.qa.testCases.RegisterTest" name="verifyRegisteringAnAccountByProvidingAnInvalidEmailAddressIntoEmailField" time="0.001">
    <skipped/>
  </testcase> <!-- verifyRegisteringAnAccountByProvidingAnInvalidEmailAddressIntoEmailField -->
  <testcase classname="com.tutorialsNinja.qa.testCases.RegisterTest" name="verifyRegisteringAnAccountByProvidingAnInvalidPhoneNumber" time="0.0">
    <skipped/>
  </testcase> <!-- verifyRegisteringAnAccountByProvidingAnInvalidPhoneNumber -->
  <testcase classname="com.tutorialsNinja.qa.testCases.RegisterTest" name="verifyRegisteringAnAccountByUsingKeyboardKeys" time="0.0">
    <skipped/>
  </testcase> <!-- verifyRegisteringAnAccountByUsingKeyboardKeys -->
  <testcase classname="com.tutorialsNinja.qa.testCases.RegisterTest" name="verifyAllFieldsIntheRegisterAccountPageHaveProperPlaceholders" time="0.001">
    <skipped/>
  </testcase> <!-- verifyAllFieldsIntheRegisterAccountPageHaveProperPlaceholders -->
  <testcase classname="com.tutorialsNinja.qa.testCases.RegisterTest" name="verifyRegisteringAnAccountWhenYesOptionIsSelectedForNewsletterField" time="0.0">
    <ignored/>
  </testcase> <!-- verifyRegisteringAnAccountWhenYesOptionIsSelectedForNewsletterField -->
  <testcase classname="com.tutorialsNinja.qa.testCases.RegisterTest" name="verifyRegisteringAnAccountWhenNoOptionIsSelectedForNewsletterField" time="0.0">
    <ignored/>
  </testcase> <!-- verifyRegisteringAnAccountWhenNoOptionIsSelectedForNewsletterField -->
  <testcase classname="com.tutorialsNinja.qa.testCases.RegisterTest" name="verifyRegisteringAnAccountByProvidingOnlyMandatoryFields" time="0.0">
    <ignored/>
  </testcase> <!-- verifyRegisteringAnAccountByProvidingOnlyMandatoryFields -->
  <testcase classname="com.tutorialsNinja.qa.testCases.RegisterTest" name="verifyRegisteringAnAccountWithoutProvidingAnyDetails" time="0.0">
    <ignored/>
  </testcase> <!-- verifyRegisteringAnAccountWithoutProvidingAnyDetails -->
  <testcase classname="com.tutorialsNinja.qa.testCases.RegisterTest" name="verifyDifferentWaysOfNavigatingToRegisterAccountPage" time="0.0">
    <ignored/>
  </testcase> <!-- verifyDifferentWaysOfNavigatingToRegisterAccountPage -->
  <testcase classname="com.tutorialsNinja.qa.testCases.RegisterTest" name="verifyRegisteringAnAccountByEnteringDifferentPasswordsIntoPasswordAndPasswordConfirmField" time="0.0">
    <ignored/>
  </testcase> <!-- verifyRegisteringAnAccountByEnteringDifferentPasswordsIntoPasswordAndPasswordConfirmField -->
  <testcase classname="com.tutorialsNinja.qa.testCases.RegisterTest" name="verifyRegisteringAnAccountByProvidingAllFields" time="0.0">
    <ignored/>
  </testcase> <!-- verifyRegisteringAnAccountByProvidingAllFields -->
  <testcase classname="com.tutorialsNinja.qa.testCases.RegisterTest" name="verifyRegisteringAnAccountByProvidingExistingAccountDetails" time="0.0">
    <ignored/>
  </testcase> <!-- verifyRegisteringAnAccountByProvidingExistingAccountDetails -->
</testsuite> <!-- Test -->
