<?xml version="1.0" encoding="UTF-8"?>
<!-- Generated by org.testng.reporters.JUnitXMLReporter -->
<testsuite ignored="11" hostname="LAPTOP-C2Q8BJ3N" failures="1" tests="1" name="Test(failed)" time="18.649" errors="0" timestamp="2024-10-11T11:02:01 IST">
  <testcase classname="com.tutorialsNinja.qa.testCases.RegisterTest" name="verifyRegisteringAnAccountByProvidingAnInvalidPhoneNumber" time="2.26">
    <failure type="java.lang.AssertionError" message="did not expect [Your Account Has Been Created!] but found [Your Account Has Been Created!]">
      <![CDATA[java.lang.AssertionError: did not expect [Your Account Has Been Created!] but found [Your Account Has Been Created!]
at com.tutorialsNinja.qa.testCases.RegisterTest.verifyRegisteringAnAccountByProvidingAnInvalidPhoneNumber(RegisterTest.java:237)
at java.base/java.util.ArrayList.forEach(ArrayList.java:1511)
... Removed 32 stack frames]]>
    </failure>
  </testcase> <!-- verifyRegisteringAnAccountByProvidingAnInvalidPhoneNumber -->
  <testcase classname="com.tutorialsNinja.qa.testCases.RegisterTest" name="verifyRegisteringAnAccountWhenNoOptionIsSelectedForNewsletterField" time="0.0">
    <ignored/>
  </testcase> <!-- verifyRegisteringAnAccountWhenNoOptionIsSelectedForNewsletterField -->
  <testcase classname="com.tutorialsNinja.qa.testCases.RegisterTest" name="verifyRegisteringAnAccountByProvidingOnlyMandatoryFields" time="0.0">
    <ignored/>
  </testcase> <!-- verifyRegisteringAnAccountByProvidingOnlyMandatoryFields -->
  <testcase classname="com.tutorialsNinja.qa.testCases.RegisterTest" name="verifyAllFieldsIntheRegisterAccountPageHaveProperPlaceholders" time="0.0">
    <ignored/>
  </testcase> <!-- verifyAllFieldsIntheRegisterAccountPageHaveProperPlaceholders -->
  <testcase classname="com.tutorialsNinja.qa.testCases.RegisterTest" name="verifyRegisteringAnAccountByUsingKeyboardKeys" time="0.0">
    <ignored/>
  </testcase> <!-- verifyRegisteringAnAccountByUsingKeyboardKeys -->
  <testcase classname="com.tutorialsNinja.qa.testCases.RegisterTest" name="verifyRegisteringAnAccountWithoutProvidingAnyDetails" time="0.0">
    <ignored/>
  </testcase> <!-- verifyRegisteringAnAccountWithoutProvidingAnyDetails -->
  <testcase classname="com.tutorialsNinja.qa.testCases.RegisterTest" name="verifyDifferentWaysOfNavigatingToRegisterAccountPage" time="0.0">
    <ignored/>
  </testcase> <!-- verifyDifferentWaysOfNavigatingToRegisterAccountPage -->
  <testcase classname="com.tutorialsNinja.qa.testCases.RegisterTest" name="verifyRegisteringAnAccountByProvidingAllFields" time="0.0">
    <ignored/>
  </testcase> <!-- verifyRegisteringAnAccountByProvidingAllFields -->
  <testcase classname="com.tutorialsNinja.qa.testCases.RegisterTest" name="verifyRegisteringAnAccountByProvidingExistingAccountDetails" time="0.0">
    <ignored/>
  </testcase> <!-- verifyRegisteringAnAccountByProvidingExistingAccountDetails -->
  <testcase classname="com.tutorialsNinja.qa.testCases.RegisterTest" name="verifyRegisteringAnAccountByProvidingAnInvalidEmailAddressIntoEmailField" time="0.0">
    <ignored/>
  </testcase> <!-- verifyRegisteringAnAccountByProvidingAnInvalidEmailAddressIntoEmailField -->
  <testcase classname="com.tutorialsNinja.qa.testCases.RegisterTest" name="verifyRegisteringAnAccountWhenYesOptionIsSelectedForNewsletterField" time="0.0">
    <ignored/>
  </testcase> <!-- verifyRegisteringAnAccountWhenYesOptionIsSelectedForNewsletterField -->
  <testcase classname="com.tutorialsNinja.qa.testCases.RegisterTest" name="verifyRegisteringAnAccountByEnteringDifferentPasswordsIntoPasswordAndPasswordConfirmField" time="0.0">
    <ignored/>
  </testcase> <!-- verifyRegisteringAnAccountByEnteringDifferentPasswordsIntoPasswordAndPasswordConfirmField -->
</testsuite> <!-- Test(failed) -->
