<?xml version="1.0" encoding="UTF-8"?>
<testng-results ignored="11" total="12" passed="1" failed="0" skipped="0">
  <reporter-output>
  </reporter-output>
  <suite started-at="2024-10-15T11:32:55 IST" name="Default suite" finished-at="2024-10-15T11:33:08 IST" duration-ms="12444">
    <groups>
    </groups>
    <test started-at="2024-10-15T11:32:55 IST" name="Default test" finished-at="2024-10-15T11:33:08 IST" duration-ms="12444">
      <class name="com.tutorialsNinja.qa.testCases.RegisterTest">
        <test-method is-config="true" signature="setUp()[pri:0, instance:com.tutorialsNinja.qa.testCases.RegisterTest@121314f7]" started-at="2024-10-15T11:32:55 IST" name="setUp" finished-at="2024-10-15T11:33:07 IST" duration-ms="11630" status="PASS">
          <reporter-output>
          </reporter-output>
        </test-method> <!-- setUp -->
        <test-method signature="verifyAllFieldsIntheRegisterAccountPageHaveProperPlaceholders()[pri:12, instance:com.tutorialsNinja.qa.testCases.RegisterTest@121314f7]" started-at="2024-10-15T11:33:07 IST" name="verifyAllFieldsIntheRegisterAccountPageHaveProperPlaceholders" finished-at="2024-10-15T11:33:07 IST" duration-ms="376" status="PASS">
          <reporter-output>
          </reporter-output>
        </test-method> <!-- verifyAllFieldsIntheRegisterAccountPageHaveProperPlaceholders -->
        <test-method is-config="true" signature="tearDown()[pri:0, instance:com.tutorialsNinja.qa.testCases.RegisterTest@121314f7]" started-at="2024-10-15T11:33:08 IST" name="tearDown" finished-at="2024-10-15T11:33:08 IST" duration-ms="385" status="PASS">
          <reporter-output>
          </reporter-output>
        </test-method> <!-- tearDown -->
      </class> <!-- com.tutorialsNinja.qa.testCases.RegisterTest -->
    </test> <!-- Default test -->
  </suite> <!-- Default suite -->
</testng-results>
